JvmtiExport can_access_local_variables 0
JvmtiExport can_hotswap_or_post_breakpoint 0
JvmtiExport can_post_on_exceptions 0
# 294 ciObject found
ciMethod java/lang/Object <init> ()V 4097 1 354851 0 96
ciMethod java/lang/String <init> ([CII)V 4097 1 5719 0 704
ciMethod java/lang/String charAt (I)C 4097 1 889854 0 -1
ciMethod java/lang/String equals (Ljava/lang/Object;)Z 3505 24577 4855 0 -1
ciMethod java/lang/String toCharArray ()[C 3089 1 13666 0 -1
ciMethod java/lang/System arraycopy (Ljava/lang/Object;ILjava/lang/Object;II)V 48129 1 6016 0 -1
ciMethod java/lang/Float valueOf (F)Ljava/lang/Float; 0 0 1 0 0
ciMethod java/lang/Float <init> (F)V 0 0 1 0 -1
ciMethod java/lang/Float intBitsToFloat (I)F 0 0 1 0 -1
ciMethod java/lang/Number <init> ()V 3073 1 1143 0 0
ciMethod java/lang/Double valueOf (D)Ljava/lang/Double; 9 1 6 0 0
ciMethod java/lang/Double <init> (D)V 9 1 6 0 0
ciMethod java/lang/Double longBitsToDouble (J)D 33 1 4 0 -1
ciMethod java/lang/Integer valueOf (I)Ljava/lang/Integer; 1089 1 150 0 0
ciMethod java/lang/Integer <init> (I)V 2217 1 352 0 -1
ciMethod java/lang/Integer intValue ()I 1025 1 21 0 -1
ciMethod java/lang/Long valueOf (J)Ljava/lang/Long; 457 1 381 0 0
ciMethod java/lang/Long <init> (J)V 2153 1 354 0 0
ciMethod java/lang/Math max (II)I 3345 1 6872 0 -1
ciMethod java/lang/Math min (II)I 4097 1 46832 0 -1
ciMethod java/util/Arrays copyOfRange ([CII)[C 4097 1 5632 0 512
ciMethodData java/lang/Object <init> ()V 2 354855 orig 264 72 34 131 102 0 0 0 0 128 4 123 22 0 0 0 0 32 1 0 0 0 0 0 0 0 0 0 0 0 0 0 0 0 0 0 0 0 0 0 0 0 0 0 0 0 0 0 0 0 0 0 0 0 0 0 0 0 0 0 0 0 0 0 0 0 0 0 0 0 0 0 0 0 0 0 0 0 0 0 0 77 68 79 32 101 120 116 114 97 32 100 97 116 97 32 108 111 99 107 0 0 0 0 0 0 0 0 0 0 0 0 0 0 0 0 0 0 0 0 0 0 0 0 0 0 0 0 0 0 0 0 0 0 0 0 0 0 0 0 0 0 0 0 0 0 0 0 0 0 0 0 0 0 0 0 0 0 0 0 0 0 0 0 0 0 0 0 0 0 0 0 0 0 0 0 0 0 0 0 0 0 0 0 0 1 0 0 0 0 0 0 0 1 0 0 0 0 0 0 0 1 0 0 0 0 0 0 0 0 0 0 0 0 0 0 0 0 2 0 0 57 65 43 0 1 0 0 0 0 0 0 0 0 0 0 0 2 0 0 0 0 0 0 0 0 0 0 0 0 0 0 0 255 255 255 255 0 0 0 0 0 0 0 0 data 0 oops 0
ciMethodData java/util/Arrays copyOfRange ([CII)[C 2 5632 orig 264 72 34 131 102 0 0 0 0 24 103 142 22 0 0 0 0 120 2 0 0 240 0 0 0 0 0 0 0 0 0 0 0 0 0 0 0 0 0 0 0 0 0 0 0 0 0 0 0 0 0 0 0 0 0 0 0 0 0 0 0 0 0 0 0 0 0 0 0 0 0 0 0 0 0 0 0 0 0 0 0 77 68 79 32 101 120 116 114 97 32 100 97 116 97 32 108 111 99 107 0 0 0 0 0 0 0 0 0 0 0 0 0 0 0 0 0 0 0 0 0 0 0 0 0 0 0 0 0 0 0 0 0 0 0 0 0 0 0 0 0 0 0 0 0 0 0 0 0 0 0 0 0 0 0 0 0 0 0 0 0 0 0 0 0 0 0 0 0 0 0 0 0 0 0 0 0 0 0 0 0 0 0 0 0 29 0 0 0 0 0 0 0 0 0 0 0 0 0 0 0 0 0 0 0 0 0 0 0 0 0 0 0 0 0 0 0 0 2 0 0 1 160 0 0 1 0 0 0 0 0 0 0 0 0 0 0 2 0 0 0 0 0 9 0 2 0 0 0 32 1 0 0 255 255 255 255 7 0 5 0 0 0 0 0 data 36 0x50007 0x1400 0x100 0x0 0x100002 0x0 0x140005 0x0 0x0 0x0 0x0 0x0 0x190005 0x0 0x0 0x0 0x0 0x0 0x1d0005 0x0 0x0 0x0 0x0 0x0 0x200005 0x0 0x0 0x0 0x0 0x0 0x230002 0x0 0x360002 0x1400 0x390002 0x1400 oops 0
ciMethodData java/lang/String <init> ([CII)V 2 5719 orig 264 72 34 131 102 0 0 0 0 88 49 123 22 0 0 0 0 80 2 0 0 208 0 0 0 0 0 0 0 0 0 0 0 0 0 0 0 0 0 0 0 0 0 0 0 0 0 0 0 0 0 0 0 0 0 0 0 0 0 0 0 0 0 0 0 0 0 0 0 0 0 0 0 0 0 0 0 0 0 0 0 77 68 79 32 101 120 116 114 97 32 100 97 116 97 32 108 111 99 107 0 0 0 0 0 0 0 0 0 0 0 0 0 0 0 0 0 0 0 0 0 0 0 0 0 0 0 0 0 0 0 0 0 0 0 0 0 0 0 0 0 0 0 0 0 0 0 0 0 0 0 0 0 0 0 0 0 0 0 0 0 0 0 0 0 0 0 0 0 0 0 0 0 0 0 0 0 0 0 0 0 0 0 0 0 25 0 0 0 0 0 0 0 0 0 0 0 0 0 0 0 1 0 0 0 0 0 0 0 0 0 0 0 0 0 0 0 0 2 0 0 185 162 0 0 1 0 0 0 0 0 0 0 0 0 0 0 2 0 0 0 0 0 14 0 2 0 0 0 240 0 0 0 255 255 255 255 2 0 1 0 0 0 0 0 data 30 0x10002 0x1457 0x50007 0x1457 0x30 0x0 0xd0002 0x0 0x120007 0x1444 0x70 0x13 0x160007 0x13 0x30 0x0 0x1e0002 0x0 0x250007 0x0 0x20 0x13 0x370007 0x1444 0x30 0x0 0x410002 0x0 0x4b0002 0x1444 oops 0
ciMethodData java/lang/Number <init> ()V 1 1143 orig 264 72 34 131 102 0 0 0 0 32 212 132 22 0 0 0 0 48 1 0 0 0 0 0 0 0 0 0 0 0 0 0 0 0 0 0 0 0 0 0 0 0 0 0 0 0 0 0 0 0 0 0 0 0 0 0 0 0 0 0 0 0 0 0 0 0 0 0 0 0 0 0 0 0 0 0 0 0 0 0 0 77 68 79 32 101 120 116 114 97 32 100 97 116 97 32 108 111 99 107 0 0 0 0 0 0 0 0 0 0 0 0 0 0 0 0 0 0 0 0 0 0 0 0 0 0 0 0 0 0 0 0 0 0 0 0 0 0 0 0 0 0 0 0 0 0 0 0 0 0 0 0 0 0 0 0 0 0 0 0 0 0 0 0 0 0 0 0 0 0 0 0 0 0 0 0 0 0 0 0 0 0 0 0 0 0 0 0 0 0 0 0 0 0 0 0 0 0 0 0 0 0 0 0 0 0 0 0 0 0 0 0 0 0 0 0 0 128 1 0 0 185 23 0 0 1 0 0 0 0 0 0 0 0 0 0 0 2 0 0 0 0 0 3 0 2 0 0 0 16 0 0 0 255 255 255 255 2 0 1 0 0 0 0 0 data 2 0x10002 0x2f7 oops 0
ciMethodData java/lang/Long <init> (J)V 1 358 orig 264 72 34 131 102 0 0 0 0 40 129 133 22 0 0 0 0 64 1 0 0 0 0 0 0 0 0 0 0 0 0 0 0 0 0 0 0 0 0 0 0 0 0 0 0 0 0 0 0 0 0 0 0 0 0 0 0 0 0 0 0 0 0 0 0 0 0 0 0 0 0 0 0 0 0 0 0 0 0 0 0 77 68 79 32 101 120 116 114 97 32 100 97 116 97 32 108 111 99 107 0 0 0 0 0 0 0 0 0 0 0 0 0 0 0 0 0 0 0 0 0 0 0 0 0 0 0 0 0 0 0 0 0 0 0 0 0 0 0 0 0 0 0 0 0 0 0 0 0 0 0 0 0 0 0 0 0 0 0 0 0 0 0 0 0 0 0 0 0 0 0 0 0 0 0 0 0 0 0 0 0 0 0 0 0 0 0 0 0 0 0 0 0 0 0 0 0 0 0 0 0 0 0 0 0 0 0 0 0 0 0 0 0 0 0 0 0 13 1 0 0 201 2 0 0 1 0 0 0 0 0 0 0 0 0 0 0 2 0 0 0 0 0 3 0 2 0 0 0 16 0 0 0 255 255 255 255 2 0 1 0 0 0 0 0 data 2 0x10002 0x59 oops 0
ciMethodData java/lang/Long valueOf (J)Ljava/lang/Long; 1 381 orig 264 72 34 131 102 0 0 0 0 208 126 133 22 0 0 0 0 120 1 0 0 32 0 0 0 0 0 0 0 0 0 0 0 0 0 0 0 0 0 0 0 0 0 0 0 0 0 0 0 0 0 0 0 0 0 0 0 0 0 0 0 0 0 0 0 0 0 0 0 0 0 0 0 0 0 0 0 0 0 0 0 77 68 79 32 101 120 116 114 97 32 100 97 116 97 32 108 111 99 107 0 0 0 0 0 0 0 0 0 0 0 0 0 0 0 0 0 0 0 0 0 0 0 0 0 0 0 0 0 0 0 0 0 0 0 0 0 0 0 0 0 0 0 0 0 0 0 0 0 0 0 0 0 0 0 0 0 0 0 0 0 0 0 0 0 0 0 0 0 0 0 0 0 0 0 0 0 0 0 0 0 0 0 0 0 0 0 0 0 0 0 0 0 0 0 0 0 0 0 0 0 0 0 0 0 0 0 0 0 0 0 0 0 0 0 0 0 57 0 0 0 33 10 0 0 1 0 0 0 0 0 0 0 0 0 0 0 2 0 0 0 0 0 8 0 2 0 0 0 80 0 0 0 255 255 255 255 7 0 5 0 0 0 0 0 data 10 0x50007 0x10 0x40 0x134 0xd0007 0x45 0x20 0xef 0x200002 0x55 oops 0
ciMethodData java/lang/Double valueOf (D)Ljava/lang/Double; 1 6 orig 264 72 34 131 102 0 0 0 0 176 228 132 22 0 0 0 0 56 1 0 0 0 0 0 0 0 0 0 0 0 0 0 0 0 0 0 0 0 0 0 0 0 0 0 0 0 0 0 0 0 0 0 0 0 0 0 0 0 0 0 0 0 0 0 0 0 0 0 0 0 0 0 0 0 0 0 0 0 0 0 0 77 68 79 32 101 120 116 114 97 32 100 97 116 97 32 108 111 99 107 0 0 0 0 0 0 0 0 0 0 0 0 0 0 0 0 0 0 0 0 0 0 0 0 0 0 0 0 0 0 0 0 0 0 0 0 0 0 0 0 0 0 0 0 0 0 0 0 0 0 0 0 0 0 0 0 0 0 0 0 0 0 0 0 0 0 0 0 0 0 0 0 0 0 0 0 0 0 0 0 0 0 0 0 0 0 0 0 0 0 0 0 0 0 0 0 0 0 0 0 0 0 0 0 0 0 0 0 0 0 0 0 0 0 0 0 0 1 0 0 0 41 0 0 0 1 0 0 0 0 0 0 0 0 0 0 0 2 0 0 0 0 0 0 0 0 0 0 0 16 0 0 0 255 255 255 255 2 0 5 0 0 0 0 0 data 2 0x50002 0x5 oops 0
ciMethodData java/lang/Double <init> (D)V 1 6 orig 264 72 34 131 102 0 0 0 0 208 231 132 22 0 0 0 0 64 1 0 0 0 0 0 0 0 0 0 0 0 0 0 0 0 0 0 0 0 0 0 0 0 0 0 0 0 0 0 0 0 0 0 0 0 0 0 0 0 0 0 0 0 0 0 0 0 0 0 0 0 0 0 0 0 0 0 0 0 0 0 0 77 68 79 32 101 120 116 114 97 32 100 97 116 97 32 108 111 99 107 0 0 0 0 0 0 0 0 0 0 0 0 0 0 0 0 0 0 0 0 0 0 0 0 0 0 0 0 0 0 0 0 0 0 0 0 0 0 0 0 0 0 0 0 0 0 0 0 0 0 0 0 0 0 0 0 0 0 0 0 0 0 0 0 0 0 0 0 0 0 0 0 0 0 0 0 0 0 0 0 0 0 0 0 0 0 0 0 0 0 0 0 0 0 0 0 0 0 0 0 0 0 0 0 0 0 0 0 0 0 0 0 0 0 0 0 0 1 0 0 0 41 0 0 0 1 0 0 0 0 0 0 0 0 0 0 0 2 0 0 0 0 0 0 0 0 0 0 0 16 0 0 0 255 255 255 255 2 0 1 0 0 0 0 0 data 2 0x10002 0x5 oops 0
ciMethod org/jetbrains/org/objectweb/asm/ClassWriter newUTF8 (Ljava/lang/String;)I 4097 1 15557 0 -1
ciMethod org/jetbrains/org/objectweb/asm/ClassWriter newClassItem (Ljava/lang/String;)Lorg/jetbrains/org/objectweb/asm/Item; 2953 1 8569 0 -1
ciMethod org/jetbrains/org/objectweb/asm/ClassWriter newFieldItem (Ljava/lang/String;Ljava/lang/String;Ljava/lang/String;)Lorg/jetbrains/org/objectweb/asm/Item; 3081 1 8859 0 -1
ciMethod org/jetbrains/org/objectweb/asm/ClassWriter newMethodItem (Ljava/lang/String;Ljava/lang/String;Ljava/lang/String;Z)Lorg/jetbrains/org/objectweb/asm/Item; 4097 1 13558 0 -1
ciMethod org/jetbrains/org/objectweb/asm/ClassWriter addType (Ljava/lang/String;)I 233 1 17818 0 -1
ciMethod org/jetbrains/org/objectweb/asm/ClassWriter addUninitializedType (Ljava/lang/String;I)I 49 1 4160 0 -1
ciMethod com/intellij/rt/coverage/instrumentation/Instrumenter getOrCreateLineData (ILjava/lang/String;Ljava/lang/String;)V 3097 1 13264 0 -1
ciMethod org/jetbrains/org/objectweb/asm/ClassReader readCode (Lorg/jetbrains/org/objectweb/asm/MethodVisitor;Lorg/jetbrains/org/objectweb/asm/Context;I)V 241 40793 10668 0 -1
ciMethod org/jetbrains/org/objectweb/asm/ClassReader readTypeAnnotations (Lorg/jetbrains/org/objectweb/asm/MethodVisitor;Lorg/jetbrains/org/objectweb/asm/Context;IZ)[I 0 0 1 0 -1
ciMethod org/jetbrains/org/objectweb/asm/ClassReader readAnnotationTarget (Lorg/jetbrains/org/objectweb/asm/Context;I)I 0 0 1 0 -1
ciMethod org/jetbrains/org/objectweb/asm/ClassReader readAnnotationValues (I[CZLorg/jetbrains/org/objectweb/asm/AnnotationVisitor;)I 161 161 770 0 -1
ciMethod org/jetbrains/org/objectweb/asm/ClassReader getImplicitFrame (Lorg/jetbrains/org/objectweb/asm/Context;)V 0 0 1 0 -1
ciMethod org/jetbrains/org/objectweb/asm/ClassReader readFrame (IZZLorg/jetbrains/org/objectweb/asm/Context;)I 1353 16385 6400 0 -1
ciMethod org/jetbrains/org/objectweb/asm/ClassReader readFrameType ([Ljava/lang/Object;II[C[Lorg/jetbrains/org/objectweb/asm/Label;)I 2889 1 10420 0 -1
ciMethod org/jetbrains/org/objectweb/asm/ClassReader readLabel (I[Lorg/jetbrains/org/objectweb/asm/Label;)Lorg/jetbrains/org/objectweb/asm/Label; 4097 1 49453 0 256
ciMethod org/jetbrains/org/objectweb/asm/ClassReader readByte (I)I 0 0 1 0 0
ciMethod org/jetbrains/org/objectweb/asm/ClassReader readUnsignedShort (I)I 2329 1 485819 0 160
ciMethod org/jetbrains/org/objectweb/asm/ClassReader readShort (I)S 2305 1 12633 0 0
ciMethod org/jetbrains/org/objectweb/asm/ClassReader readInt (I)I 2113 1 7121 0 192
ciMethod org/jetbrains/org/objectweb/asm/ClassReader readLong (I)J 465 1 379 0 0
ciMethod org/jetbrains/org/objectweb/asm/ClassReader readUTF8 (I[C)Ljava/lang/String; 4097 1 5730 0 1984
ciMethod org/jetbrains/org/objectweb/asm/ClassReader readUTF (II[C)Ljava/lang/String; 945 16881 1098 0 1280
ciMethod org/jetbrains/org/objectweb/asm/ClassReader readClass (I[C)Ljava/lang/String; 4097 1 64756 0 2144
ciMethod org/jetbrains/org/objectweb/asm/ClassReader readConst (I[C)Ljava/lang/Object; 1681 1 3471 0 0
ciMethod org/jetbrains/org/objectweb/asm/Attribute read (Lorg/jetbrains/org/objectweb/asm/ClassReader;II[CI[Lorg/jetbrains/org/objectweb/asm/Label;)Lorg/jetbrains/org/objectweb/asm/Attribute; 1073 1 3788 0 -1
ciMethodData org/jetbrains/org/objectweb/asm/ClassReader readUnsignedShort (I)I 2 486039 orig 264 72 34 131 102 0 0 0 0 104 128 188 22 0 0 0 0 40 1 0 0 0 0 0 0 0 0 0 0 0 0 0 0 0 0 0 0 0 0 0 0 0 0 0 0 0 0 0 0 0 0 0 0 0 0 0 0 0 0 0 0 0 0 0 0 0 0 0 0 0 0 0 0 0 0 0 0 0 0 0 0 77 68 79 32 101 120 116 114 97 32 100 97 116 97 32 108 111 99 107 0 0 0 0 0 0 0 0 0 0 0 0 0 0 0 0 0 0 0 0 0 0 0 0 0 0 0 0 0 0 0 0 0 0 0 0 0 0 0 0 0 0 0 0 0 0 0 0 0 0 0 0 0 0 0 0 0 0 0 0 0 0 0 0 0 0 0 0 0 0 0 0 0 0 0 0 0 0 0 0 0 0 0 0 0 1 0 0 0 0 0 0 0 0 0 0 0 0 0 0 0 1 0 0 0 0 0 0 0 0 0 0 0 0 0 0 0 33 1 0 0 161 75 59 0 1 0 0 0 0 0 0 0 0 0 0 0 2 0 0 0 0 0 3 0 1 0 0 0 0 0 0 0 255 255 255 255 0 0 0 0 0 0 0 0 data 0 oops 0
ciMethod org/jetbrains/org/objectweb/asm/MethodVisitor visitAttribute (Lorg/jetbrains/org/objectweb/asm/Attribute;)V 0 0 1 0 -1
ciMethod org/jetbrains/org/objectweb/asm/MethodVisitor visitFrame (II[Ljava/lang/Object;I[Ljava/lang/Object;)V 2049 1 4782 0 0
ciMethod org/jetbrains/org/objectweb/asm/MethodVisitor visitInsn (I)V 3073 1 17304 0 0
ciMethod org/jetbrains/org/objectweb/asm/MethodVisitor visitIntInsn (II)V 2049 1 908 0 0
ciMethod org/jetbrains/org/objectweb/asm/MethodVisitor visitVarInsn (II)V 3081 1 21808 0 -1
ciMethod org/jetbrains/org/objectweb/asm/MethodVisitor visitTypeInsn (ILjava/lang/String;)V 2049 1 8142 0 0
ciMethod org/jetbrains/org/objectweb/asm/MethodVisitor visitFieldInsn (ILjava/lang/String;Ljava/lang/String;Ljava/lang/String;)V 3081 1 8662 0 0
ciMethod org/jetbrains/org/objectweb/asm/MethodVisitor visitMethodInsn (ILjava/lang/String;Ljava/lang/String;Ljava/lang/String;)V 2489 1 7955 0 -1
ciMethod org/jetbrains/org/objectweb/asm/MethodVisitor visitMethodInsn (ILjava/lang/String;Ljava/lang/String;Ljava/lang/String;Z)V 2129 1 7240 0 224
ciMethod org/jetbrains/org/objectweb/asm/MethodVisitor visitInvokeDynamicInsn (Ljava/lang/String;Ljava/lang/String;Lorg/jetbrains/org/objectweb/asm/Handle;[Ljava/lang/Object;)V 0 0 1 0 -1
ciMethod org/jetbrains/org/objectweb/asm/MethodVisitor visitJumpInsn (ILorg/jetbrains/org/objectweb/asm/Label;)V 2129 1 6020 0 0
ciMethod org/jetbrains/org/objectweb/asm/MethodVisitor visitLabel (Lorg/jetbrains/org/objectweb/asm/Label;)V 3305 1 19453 0 0
ciMethod org/jetbrains/org/objectweb/asm/MethodVisitor visitLdcInsn (Ljava/lang/Object;)V 2049 1 2892 0 0
ciMethod org/jetbrains/org/objectweb/asm/MethodVisitor visitIincInsn (II)V 185 1 23 0 -1
ciMethod org/jetbrains/org/objectweb/asm/MethodVisitor visitTableSwitchInsn (IILorg/jetbrains/org/objectweb/asm/Label;[Lorg/jetbrains/org/objectweb/asm/Label;)V 697 1 62 0 0
ciMethod org/jetbrains/org/objectweb/asm/MethodVisitor visitLookupSwitchInsn (Lorg/jetbrains/org/objectweb/asm/Label;[I[Lorg/jetbrains/org/objectweb/asm/Label;)V 9 1 1 0 -1
ciMethod org/jetbrains/org/objectweb/asm/MethodVisitor visitMultiANewArrayInsn (Ljava/lang/String;I)V 0 0 1 0 -1
ciMethod org/jetbrains/org/objectweb/asm/MethodVisitor visitInsnAnnotation (ILorg/jetbrains/org/objectweb/asm/TypePath;Ljava/lang/String;Z)Lorg/jetbrains/org/objectweb/asm/AnnotationVisitor; 0 0 1 0 -1
ciMethod org/jetbrains/org/objectweb/asm/MethodVisitor visitTryCatchBlock (Lorg/jetbrains/org/objectweb/asm/Label;Lorg/jetbrains/org/objectweb/asm/Label;Lorg/jetbrains/org/objectweb/asm/Label;Ljava/lang/String;)V 1841 1 175 0 0
ciMethod org/jetbrains/org/objectweb/asm/MethodVisitor visitLocalVariable (Ljava/lang/String;Ljava/lang/String;Ljava/lang/String;Lorg/jetbrains/org/objectweb/asm/Label;Lorg/jetbrains/org/objectweb/asm/Label;I)V 2041 1 13283 0 -1
ciMethod org/jetbrains/org/objectweb/asm/MethodVisitor visitLocalVariableAnnotation (ILorg/jetbrains/org/objectweb/asm/TypePath;[Lorg/jetbrains/org/objectweb/asm/Label;[Lorg/jetbrains/org/objectweb/asm/Label;[ILjava/lang/String;Z)Lorg/jetbrains/org/objectweb/asm/AnnotationVisitor; 0 0 1 0 -1
ciMethod org/jetbrains/org/objectweb/asm/MethodVisitor visitLineNumber (ILorg/jetbrains/org/objectweb/asm/Label;)V 3089 1 13447 0 -1
ciMethod org/jetbrains/org/objectweb/asm/MethodVisitor visitMaxs (II)V 2041 1 7567 0 -1
ciMethod org/jetbrains/org/objectweb/asm/MethodWriter visitFrame (II[Ljava/lang/Object;I[Ljava/lang/Object;)V 2049 1 6440 0 -1
ciMethod org/jetbrains/org/objectweb/asm/MethodWriter visitInsn (I)V 3073 1 18917 0 0
ciMethod org/jetbrains/org/objectweb/asm/MethodWriter visitVarInsn (II)V 4097 1 47315 0 2400
ciMethod org/jetbrains/org/objectweb/asm/MethodWriter visitTypeInsn (ILjava/lang/String;)V 2049 1 8460 0 0
ciMethod org/jetbrains/org/objectweb/asm/MethodWriter visitFieldInsn (ILjava/lang/String;Ljava/lang/String;Ljava/lang/String;)V 3081 1 8859 0 0
ciMethod org/jetbrains/org/objectweb/asm/MethodWriter visitMethodInsn (ILjava/lang/String;Ljava/lang/String;Ljava/lang/String;Z)V 4097 1 32849 0 3456
ciMethod org/jetbrains/org/objectweb/asm/MethodWriter visitLabel (Lorg/jetbrains/org/objectweb/asm/Label;)V 2705 1 31811 0 1888
ciMethod org/jetbrains/org/objectweb/asm/MethodWriter visitLocalVariable (Ljava/lang/String;Ljava/lang/String;Ljava/lang/String;Lorg/jetbrains/org/objectweb/asm/Label;Lorg/jetbrains/org/objectweb/asm/Label;I)V 2049 1 27789 0 0
ciMethod org/jetbrains/org/objectweb/asm/MethodWriter visitLineNumber (ILorg/jetbrains/org/objectweb/asm/Label;)V 3273 1 6678 0 1024
ciMethod org/jetbrains/org/objectweb/asm/MethodWriter visitMaxs (II)V 1025 36769 10669 0 -1
ciMethod org/jetbrains/org/objectweb/asm/MethodWriter addSuccessor (ILorg/jetbrains/org/objectweb/asm/Label;)V 2049 1 12250 0 0
ciMethod org/jetbrains/org/objectweb/asm/MethodWriter noSuccessor ()V 513 1 12091 0 -1
ciMethod org/jetbrains/org/objectweb/asm/MethodWriter visitFrame (Lorg/jetbrains/org/objectweb/asm/Frame;)V 1313 24577 8930 0 -1
ciMethod org/jetbrains/org/objectweb/asm/MethodWriter visitImplicitFirstFrame ()V 0 0 1 0 -1
ciMethod org/jetbrains/org/objectweb/asm/MethodWriter startFrame (III)I 1305 1 8932 0 -1
ciMethod org/jetbrains/org/objectweb/asm/MethodWriter endFrame ()V 1305 1 8932 0 -1
ciMethod org/jetbrains/org/objectweb/asm/MethodWriter writeFrameType (Ljava/lang/Object;)V 0 0 1 0 -1
ciMethod org/jetbrains/org/objectweb/asm/MethodWriter resizeInstructions ()V 0 0 1 0 -1
ciMethod org/jetbrains/org/objectweb/asm/ByteVector <init> ()V 2065 1 31845 0 0
ciMethod org/jetbrains/org/objectweb/asm/ByteVector putByte (I)Lorg/jetbrains/org/objectweb/asm/ByteVector; 3881 1 13245 0 -1
ciMethod org/jetbrains/org/objectweb/asm/ByteVector put11 (II)Lorg/jetbrains/org/objectweb/asm/ByteVector; 2833 1 13842 0 -1
ciMethod org/jetbrains/org/objectweb/asm/ByteVector putShort (I)Lorg/jetbrains/org/objectweb/asm/ByteVector; 3425 1 6571 0 288
ciMethod org/jetbrains/org/objectweb/asm/ByteVector put12 (II)Lorg/jetbrains/org/objectweb/asm/ByteVector; 4097 1 8730 0 -1
ciMethod org/jetbrains/org/objectweb/asm/ByteVector enlarge (I)V 145 1 7679 0 0
ciMethod com/intellij/rt/coverage/instrumentation/SamplingInstrumenter$1 visitLabel (Lorg/jetbrains/org/objectweb/asm/Label;)V 3281 1 19523 0 0
ciMethod com/intellij/rt/coverage/instrumentation/SamplingInstrumenter$1 visitLineNumber (ILorg/jetbrains/org/objectweb/asm/Label;)V 3097 1 13447 0 11808
ciMethod com/intellij/rt/coverage/instrumentation/SamplingInstrumenter$1 visitLocalVariable (Ljava/lang/String;Ljava/lang/String;Ljava/lang/String;Lorg/jetbrains/org/objectweb/asm/Label;Lorg/jetbrains/org/objectweb/asm/Label;I)V 2049 1 13283 0 224
ciMethod com/intellij/rt/coverage/instrumentation/SamplingInstrumenter$1 visitVarInsn (II)V 3073 1 21808 0 160
ciMethod com/intellij/rt/coverage/instrumentation/SamplingInstrumenter$1 adjustVariable (I)I 3257 1 35114 0 -1
ciMethod com/intellij/rt/coverage/instrumentation/SamplingInstrumenter$1 getCurrentClassDataNumber ()I 1409 1 176 0 -1
ciMethod com/intellij/rt/coverage/instrumentation/SamplingInstrumenter$1 visitMaxs (II)V 2049 1 7567 0 2880
ciMethod org/jetbrains/org/objectweb/asm/Type <init> (I[CII)V 1161 1 2032 0 -1
ciMethod org/jetbrains/org/objectweb/asm/Type getObjectType (Ljava/lang/String;)Lorg/jetbrains/org/objectweb/asm/Type; 137 1 78 0 0
ciMethod org/jetbrains/org/objectweb/asm/Type getMethodType (Ljava/lang/String;)Lorg/jetbrains/org/objectweb/asm/Type; 0 0 1 0 0
ciMethod org/jetbrains/org/objectweb/asm/Type getArgumentTypes (Ljava/lang/String;)[Lorg/jetbrains/org/objectweb/asm/Type; 881 32769 3003 0 -1
ciMethod org/jetbrains/org/objectweb/asm/Type getArgumentsAndReturnSizes (Ljava/lang/String;)I 1785 24945 1247 0 -1
ciMethod org/jetbrains/org/objectweb/asm/Type getType ([CI)Lorg/jetbrains/org/objectweb/asm/Type; 1089 21537 2616 0 -1
ciMethod org/jetbrains/org/objectweb/asm/Label <init> ()V 3401 1 70020 0 32
ciMethod org/jetbrains/org/objectweb/asm/Label resolve (Lorg/jetbrains/org/objectweb/asm/MethodWriter;I[B)Z 4097 665 11484 0 704
ciMethod org/jetbrains/org/objectweb/asm/Label getFirst ()Lorg/jetbrains/org/objectweb/asm/Label; 4097 1 22977 0 -1
ciMethod org/jetbrains/org/objectweb/asm/Label visitSubroutine (Lorg/jetbrains/org/objectweb/asm/Label;JI)V 0 0 1 0 -1
ciMethod org/jetbrains/org/objectweb/asm/Frame <init> ()V 2937 1 25922 0 0
ciMethod org/jetbrains/org/objectweb/asm/Frame initInputFrame (Lorg/jetbrains/org/objectweb/asm/ClassWriter;I[Lorg/jetbrains/org/objectweb/asm/Type;I)V 1017 4865 10656 0 -1
ciMethod org/jetbrains/org/objectweb/asm/Frame execute (IILorg/jetbrains/org/objectweb/asm/ClassWriter;Lorg/jetbrains/org/objectweb/asm/Item;)V 17121 1 10309 0 -1
ciMethod org/jetbrains/org/objectweb/asm/Frame merge (Lorg/jetbrains/org/objectweb/asm/ClassWriter;Lorg/jetbrains/org/objectweb/asm/Frame;I)Z 2001 27881 8649 0 -1
ciMethod org/jetbrains/org/objectweb/asm/Handler remove (Lorg/jetbrains/org/objectweb/asm/Handler;Lorg/jetbrains/org/objectweb/asm/Label;Lorg/jetbrains/org/objectweb/asm/Label;)Lorg/jetbrains/org/objectweb/asm/Handler; 0 0 1 0 -1
ciMethod org/jetbrains/org/objectweb/asm/Edge <init> ()V 3121 1 12926 0 0
ciMethodData org/jetbrains/org/objectweb/asm/ByteVector enlarge (I)V 2 7939 orig 264 72 34 131 102 0 0 0 0 224 241 191 22 0 0 0 0 152 1 0 0 32 0 0 0 0 0 0 0 0 0 0 0 0 0 0 0 0 0 0 0 0 0 0 0 0 0 0 0 0 0 0 0 0 0 0 0 0 0 0 0 0 0 0 0 0 0 0 0 0 0 0 0 0 0 0 0 0 0 0 0 77 68 79 32 101 120 116 114 97 32 100 97 116 97 32 108 111 99 107 0 0 0 0 0 0 0 0 0 0 0 0 0 0 0 0 0 0 0 0 0 0 0 0 0 0 0 0 0 0 0 0 0 0 0 0 0 0 0 0 0 0 0 0 0 0 0 0 0 0 0 0 0 0 0 0 0 0 0 0 0 0 0 0 0 0 0 0 0 0 0 0 0 0 0 0 0 0 0 0 0 0 0 0 0 25 0 0 0 0 0 0 0 0 0 0 0 0 0 0 0 1 0 0 0 0 0 0 0 0 0 0 0 0 0 0 0 18 0 0 0 137 247 0 0 1 0 0 0 0 0 0 0 0 0 0 0 2 0 0 0 0 0 6 0 2 0 0 0 72 0 0 0 255 255 255 255 7 0 17 0 0 0 0 0 data 9 0x110007 0x284 0x38 0x1c6d 0x150003 0x1c6d 0x18 0x290002 0x1ef1 oops 0
ciMethodData org/jetbrains/org/objectweb/asm/ByteVector putShort (I)Lorg/jetbrains/org/objectweb/asm/ByteVector; 2 6571 orig 264 72 34 131 102 0 0 0 0 32 232 191 22 0 0 0 0 88 1 0 0 0 0 0 0 0 0 0 0 0 0 0 0 0 0 0 0 0 0 0 0 0 0 0 0 0 0 0 0 0 0 0 0 0 0 0 0 0 0 0 0 0 0 0 0 0 0 0 0 0 0 0 0 0 0 0 0 0 0 0 0 77 68 79 32 101 120 116 114 97 32 100 97 116 97 32 108 111 99 107 0 0 0 0 0 0 0 0 0 0 0 0 0 0 0 0 0 0 0 0 0 0 0 0 0 0 0 0 0 0 0 0 0 0 0 0 0 0 0 0 0 0 0 0 0 0 0 0 0 0 0 0 0 0 0 0 0 0 0 0 0 0 0 0 0 0 0 0 0 0 0 0 0 0 0 0 0 0 0 0 0 0 0 0 0 19 0 0 0 0 0 0 0 0 0 0 0 0 0 0 0 1 0 0 0 0 0 0 0 1 0 0 0 0 0 0 0 172 1 0 0 249 191 0 0 1 0 0 0 0 0 0 0 0 0 0 0 2 0 0 0 0 0 6 0 2 0 0 0 48 0 0 0 255 255 255 255 7 0 13 0 0 0 0 0 data 6 0xd0007 0x17e1 0x30 0x1e 0x120002 0x1e oops 0
ciMethodData org/jetbrains/org/objectweb/asm/ClassReader readUTF8 (I[C)Ljava/lang/String; 2 5730 orig 264 72 34 131 102 0 0 0 0 16 132 188 22 0 0 0 0 88 2 0 0 112 0 0 0 0 0 0 0 0 0 0 0 0 0 0 0 0 0 0 0 0 0 0 0 0 0 0 0 0 0 0 0 0 0 0 0 0 0 0 0 0 0 0 0 0 0 0 0 0 0 0 0 0 0 0 0 0 0 0 0 77 68 79 32 101 120 116 114 97 32 100 97 116 97 32 108 111 99 107 0 0 0 0 0 0 0 0 0 0 0 0 0 0 0 0 0 0 0 0 0 0 0 0 0 0 0 0 0 0 0 0 0 0 0 0 0 0 0 0 0 0 0 0 0 0 0 0 0 0 0 0 0 0 0 0 0 0 0 0 0 0 0 0 0 0 0 0 0 0 0 0 0 0 0 0 0 0 0 0 0 0 0 0 0 0 0 0 0 0 0 0 0 0 0 0 0 0 0 0 0 0 0 0 0 0 0 0 0 0 0 0 0 0 0 0 0 0 2 0 0 17 163 0 0 1 0 0 0 0 0 0 0 0 0 0 0 2 0 0 0 0 0 10 0 2 0 0 0 0 1 0 0 255 255 255 255 5 0 2 0 0 0 0 0 data 32 0x20005 0x0 0x1a3b6b50 0x1462 0x0 0x0 0x70007 0xa1 0x40 0x13c1 0xb0007 0x1321 0x20 0xa0 0x1a0007 0x407 0x20 0xf1a 0x320005 0x0 0x1a3b6b50 0x407 0x0 0x0 0x360002 0x407 0x3a0004 0x0 0x1715cf80 0x407 0x0 0x0 oops 3